<?xml version="1.0" encoding="UTF-8"?>
<!-- Generated by org.testng.reporters.JUnitReportReporter -->
<testsuite skipped="0" hostname="DESKTOP-IU5ST9A" name="key_Features.JobSearch" tests="4" failures="0" timestamp="19 Sep 2018 10:39:44 GMT" time="102.161" errors="0">
  <testcase name="jobSearch" time="30.645" classname="key_Features.JobSearch"/>
  <testcase name="jobSearch" time="28.579" classname="key_Features.JobSearch"/>
  <testcase name="jobSearch" time="22.463" classname="key_Features.JobSearch"/>
  <testcase name="jobSearch" time="20.474" classname="key_Features.JobSearch"/>
</testsuite> <!-- key_Features.JobSearch -->
