<?xml version="1.0" encoding="UTF-8"?>
<!-- Generated by org.testng.reporters.JUnitReportReporter -->
<testsuite skipped="0" hostname="DESKTOP-IU5ST9A" name="HJ.hospitalityjobsjobseeker.DailyReportDetails" tests="8" failures="0" timestamp="21 Sep 2018 14:41:18 GMT" time="130.799" errors="0">
  <testcase name="details" time="30.958" classname="HJ.hospitalityjobsjobseeker.DailyReportDetails"/>
  <testcase name="signin" time="9.946" classname="HJ.hospitalityjobsjobseeker.DailyReportDetails"/>
  <testcase name="signup" time="20.399" classname="HJ.hospitalityjobsjobseeker.DailyReportDetails"/>
  <testcase name="multipleJobSearch" time="11.728" classname="HJ.hospitalityjobsjobseeker.DailyReportDetails"/>
  <testcase name="multipleJobSearch" time="20.114" classname="HJ.hospitalityjobsjobseeker.DailyReportDetails"/>
  <testcase name="multipleJobSearch" time="10.898" classname="HJ.hospitalityjobsjobseeker.DailyReportDetails"/>
  <testcase name="multipleJobSearch" time="12.978" classname="HJ.hospitalityjobsjobseeker.DailyReportDetails"/>
  <testcase name="multipleJobSearch" time="13.778" classname="HJ.hospitalityjobsjobseeker.DailyReportDetails"/>
</testsuite> <!-- HJ.hospitalityjobsjobseeker.DailyReportDetails -->
