<?xml version="1.0" encoding="UTF-8"?>
<!-- Generated by org.testng.reporters.JUnitReportReporter -->
<testsuite skipped="0" hostname="DESKTOP-IU5ST9A" name="automationDailyReport.SigninAndLogout" tests="1" failures="0" timestamp="22 Sep 2018 10:56:41 GMT" time="36.660" errors="0">
  <testcase name="signin" time="36.660" classname="automationDailyReport.SigninAndLogout"/>
</testsuite> <!-- automationDailyReport.SigninAndLogout -->
